# JRE version: Java(TM) SE Runtime Environment (14.0.2+12) (build 14.0.2+12-46)
# Java VM: Java HotSpot(TM) 64-Bit Server VM (14.0.2+12-46, mixed mode, sharing, tiered, compressed oops, g1 gc, windows-amd64)
Heap:
 garbage-first heap   total 96256K, used 59165K [0x0000000080000000, 0x0000000100000000)
  region size 1024K, 8 young (8192K), 3 survivors (3072K)
 Metaspace       used 61633K, capacity 63166K, committed 63488K, reserved 1105920K
  class space    used 8340K, capacity 8869K, committed 8960K, reserved 1048576K
GC Heap History (20 events):
Event: 12.990 GC heap before
{Heap before GC invocations=17 (full 0):
 garbage-first heap   total 75776K, used 59142K [0x0000000080000000, 0x0000000100000000)
  region size 1024K, 18 young (18432K), 1 survivors (1024K)
 Metaspace       used 44314K, capacity 45692K, committed 45952K, reserved 1089536K
  class space    used 6038K, capacity 6503K, committed 6528K, reserved 1048576K
}
Event: 12.992 GC heap after
{Heap after GC invocations=18 (full 0):
 garbage-first heap   total 75776K, used 43235K [0x0000000080000000, 0x0000000100000000)
  region size 1024K, 2 young (2048K), 2 survivors (2048K)
 Metaspace       used 44314K, capacity 45692K, committed 45952K, reserved 1089536K
  class space    used 6038K, capacity 6503K, committed 6528K, reserved 1048576K
}
Event: 13.337 GC heap before
{Heap before GC invocations=18 (full 0):
 garbage-first heap   total 75776K, used 60643K [0x0000000080000000, 0x0000000100000000)
  region size 1024K, 19 young (19456K), 2 survivors (2048K)
 Metaspace       used 47079K, capacity 48380K, committed 48512K, reserved 1091584K
  class space    used 6323K, capacity 6781K, committed 6784K, reserved 1048576K
}
Event: 13.340 GC heap after
{Heap after GC invocations=19 (full 0):
 garbage-first heap   total 75776K, used 43717K [0x0000000080000000, 0x0000000100000000)
  region size 1024K, 2 young (2048K), 2 survivors (2048K)
 Metaspace       used 47079K, capacity 48380K, committed 48512K, reserved 1091584K
  class space    used 6323K, capacity 6781K, committed 6784K, reserved 1048576K
}
Event: 13.909 GC heap before
{Heap before GC invocations=20 (full 0):
 garbage-first heap   total 78848K, used 60101K [0x0000000080000000, 0x0000000100000000)
  region size 1024K, 19 young (19456K), 2 survivors (2048K)
 Metaspace       used 49944K, capacity 51405K, committed 51584K, reserved 1093632K
  class space    used 6695K, capacity 7189K, committed 7296K, reserved 1048576K
}
Event: 13.915 GC heap after
{Heap after GC invocations=21 (full 0):
 garbage-first heap   total 78848K, used 44788K [0x0000000080000000, 0x0000000100000000)
  region size 1024K, 3 young (3072K), 3 survivors (3072K)
 Metaspace       used 49944K, capacity 51405K, committed 51584K, reserved 1093632K
  class space    used 6695K, capacity 7189K, committed 7296K, reserved 1048576K
}
Event: 15.691 GC heap before
{Heap before GC invocations=21 (full 0):
 garbage-first heap   total 78848K, used 63220K [0x0000000080000000, 0x0000000100000000)
  region size 1024K, 22 young (22528K), 3 survivors (3072K)
 Metaspace       used 51839K, capacity 53182K, committed 53248K, reserved 1095680K
  class space    used 6919K, capacity 7397K, committed 7424K, reserved 1048576K
}
Event: 15.697 GC heap after
{Heap after GC invocations=22 (full 0):
 garbage-first heap   total 78848K, used 47005K [0x0000000080000000, 0x0000000100000000)
  region size 1024K, 3 young (3072K), 3 survivors (3072K)
 Metaspace       used 51839K, capacity 53182K, committed 53248K, reserved 1095680K
  class space    used 6919K, capacity 7397K, committed 7424K, reserved 1048576K
}
Event: 16.286 GC heap before
{Heap before GC invocations=23 (full 0):
 garbage-first heap   total 80896K, used 64413K [0x0000000080000000, 0x0000000100000000)
  region size 1024K, 20 young (20480K), 3 survivors (3072K)
 Metaspace       used 53737K, capacity 55212K, committed 55296K, reserved 1097728K
  class space    used 7159K, capacity 7661K, committed 7680K, reserved 1048576K
}
Event: 16.289 GC heap after
{Heap after GC invocations=24 (full 0):
 garbage-first heap   total 80896K, used 48375K [0x0000000080000000, 0x0000000100000000)
  region size 1024K, 2 young (2048K), 2 survivors (2048K)
 Metaspace       used 53737K, capacity 55212K, committed 55296K, reserved 1097728K
  class space    used 7159K, capacity 7661K, committed 7680K, reserved 1048576K
}
Event: 16.644 GC heap before
{Heap before GC invocations=24 (full 0):
 garbage-first heap   total 80896K, used 56567K [0x0000000080000000, 0x0000000100000000)
  region size 1024K, 11 young (11264K), 2 survivors (2048K)
 Metaspace       used 54660K, capacity 56110K, committed 56192K, reserved 1097728K
  class space    used 7247K, capacity 7767K, committed 7808K, reserved 1048576K
}
Event: 16.648 GC heap after
{Heap after GC invocations=25 (full 0):
 garbage-first heap   total 80896K, used 49181K [0x0000000080000000, 0x0000000100000000)
  region size 1024K, 3 young (3072K), 3 survivors (3072K)
 Metaspace       used 54660K, capacity 56110K, committed 56192K, reserved 1097728K
  class space    used 7247K, capacity 7767K, committed 7808K, reserved 1048576K
}
Event: 17.831 GC heap before
{Heap before GC invocations=26 (full 0):
 garbage-first heap   total 89088K, used 67613K [0x0000000080000000, 0x0000000100000000)
  region size 1024K, 20 young (20480K), 3 survivors (3072K)
 Metaspace       used 55516K, capacity 56951K, committed 57088K, reserved 1097728K
  class space    used 7378K, capacity 7872K, committed 7936K, reserved 1048576K
}
Event: 17.837 GC heap after
{Heap after GC invocations=27 (full 0):
 garbage-first heap   total 89088K, used 50506K [0x0000000080000000, 0x0000000100000000)
  region size 1024K, 3 young (3072K), 3 survivors (3072K)
 Metaspace       used 55516K, capacity 56951K, committed 57088K, reserved 1097728K
  class space    used 7378K, capacity 7872K, committed 7936K, reserved 1048576K
}
Event: 19.382 GC heap before
{Heap before GC invocations=27 (full 0):
 garbage-first heap   total 89088K, used 72010K [0x0000000080000000, 0x0000000100000000)
  region size 1024K, 24 young (24576K), 3 survivors (3072K)
 Metaspace       used 56050K, capacity 57482K, committed 57728K, reserved 1099776K
  class space    used 7442K, capacity 7943K, committed 8064K, reserved 1048576K
}
Event: 19.388 GC heap after
{Heap after GC invocations=28 (full 0):
 garbage-first heap   total 89088K, used 52482K [0x0000000080000000, 0x0000000100000000)
  region size 1024K, 2 young (2048K), 2 survivors (2048K)
 Metaspace       used 56050K, capacity 57482K, committed 57728K, reserved 1099776K
  class space    used 7442K, capacity 7943K, committed 8064K, reserved 1048576K
}
Event: 20.234 GC heap before
{Heap before GC invocations=29 (full 0):
 garbage-first heap   total 91136K, used 72962K [0x0000000080000000, 0x0000000100000000)
  region size 1024K, 22 young (22528K), 2 survivors (2048K)
 Metaspace       used 58682K, capacity 60190K, committed 60416K, reserved 1101824K
  class space    used 7875K, capacity 8398K, committed 8448K, reserved 1048576K
}
Event: 20.239 GC heap after
{Heap after GC invocations=30 (full 0):
 garbage-first heap   total 91136K, used 53524K [0x0000000080000000, 0x0000000100000000)
  region size 1024K, 2 young (2048K), 2 survivors (2048K)
 Metaspace       used 58682K, capacity 60190K, committed 60416K, reserved 1101824K
  class space    used 7875K, capacity 8398K, committed 8448K, reserved 1048576K
}
Event: 22.300 GC heap before
{Heap before GC invocations=30 (full 0):
 garbage-first heap   total 91136K, used 75028K [0x0000000080000000, 0x0000000100000000)
  region size 1024K, 23 young (23552K), 2 survivors (2048K)
 Metaspace       used 61314K, capacity 62864K, committed 63232K, reserved 1103872K
  class space    used 8306K, capacity 8834K, committed 8960K, reserved 1048576K
}
Event: 22.306 GC heap after
{Heap after GC invocations=31 (full 0):
 garbage-first heap   total 91136K, used 55069K [0x0000000080000000, 0x0000000100000000)
  region size 1024K, 3 young (3072K), 3 survivors (3072K)
 Metaspace       used 61314K, capacity 62864K, committed 63232K, reserved 1103872K
  class space    used 8306K, capacity 8834K, committed 8960K, reserved 1048576K
}

